<?xml version="1.0" encoding="UTF-8"?>
<testng-results ignored="0" total="1" passed="1" failed="0" skipped="0">
  <reporter-output>
  </reporter-output>
  <suite started-at="2022-12-18T20:03:44 ICT" name="runners.TestNGRunner" finished-at="2022-12-18T20:03:44 ICT" duration-ms="209">
    <groups>
      <group name="cucumber">
        <method signature="TestNGRunner.feature(cucumber.api.testng.CucumberFeatureWrapper)[pri:0, instance:runners.TestNGRunner@402bba4f]" name="feature" class="runners.TestNGRunner"/>
      </group> <!-- cucumber -->
    </groups>
    <test started-at="2022-12-18T20:03:44 ICT" name="Command line test" finished-at="2022-12-18T20:03:44 ICT" duration-ms="209">
      <class name="runners.TestNGRunner">
        <test-method is-config="true" signature="setUpClass()[pri:0, instance:runners.TestNGRunner@402bba4f]" started-at="2022-12-18T20:03:44 ICT" name="setUpClass" finished-at="2022-12-18T20:03:44 ICT" duration-ms="115" status="PASS">
          <reporter-output>
          </reporter-output>
        </test-method> <!-- setUpClass -->
        <test-method signature="feature(cucumber.api.testng.CucumberFeatureWrapper)[pri:0, instance:runners.TestNGRunner@402bba4f]" started-at="2022-12-18T20:03:44 ICT" name="feature" description="Runs Cucumber Feature" data-provider="features" finished-at="2022-12-18T20:03:44 ICT" duration-ms="19" status="PASS">
          <params>
            <param index="0">
              <value>
                <![CDATA[Buy an item from the store]]>
              </value>
            </param>
          </params>
          <reporter-output>
          </reporter-output>
        </test-method> <!-- feature -->
        <test-method is-config="true" signature="tearDownClass()[pri:0, instance:runners.TestNGRunner@402bba4f]" started-at="2022-12-18T20:03:44 ICT" name="tearDownClass" finished-at="2022-12-18T20:03:44 ICT" duration-ms="11" status="PASS">
          <reporter-output>
          </reporter-output>
        </test-method> <!-- tearDownClass -->
      </class> <!-- runners.TestNGRunner -->
    </test> <!-- Command line test -->
  </suite> <!-- runners.TestNGRunner -->
</testng-results>
