<?xml version="1.0" encoding="UTF-8"?>
<testng-results ignored="0" total="1" passed="1" failed="0" skipped="0">
  <reporter-output>
  </reporter-output>
  <suite started-at="2022-12-18T20:06:04 ICT" name="Default suite" finished-at="2022-12-18T20:06:04 ICT" duration-ms="239">
    <groups>
      <group name="cucumber">
        <method signature="TestNGRunner.feature(cucumber.api.testng.CucumberFeatureWrapper)[pri:0, instance:runners.TestNGRunner@16a0ee18]" name="feature" class="runners.TestNGRunner"/>
      </group> <!-- cucumber -->
    </groups>
    <test started-at="2022-12-18T20:06:04 ICT" name="Default test" finished-at="2022-12-18T20:06:04 ICT" duration-ms="239">
      <class name="runners.TestNGRunner">
        <test-method is-config="true" signature="setUpClass()[pri:0, instance:runners.TestNGRunner@16a0ee18]" started-at="2022-12-18T20:06:04 ICT" name="setUpClass" finished-at="2022-12-18T20:06:04 ICT" duration-ms="132" status="PASS">
          <reporter-output>
          </reporter-output>
        </test-method> <!-- setUpClass -->
        <test-method signature="feature(cucumber.api.testng.CucumberFeatureWrapper)[pri:0, instance:runners.TestNGRunner@16a0ee18]" started-at="2022-12-18T20:06:04 ICT" name="feature" description="Runs Cucumber Feature" data-provider="features" finished-at="2022-12-18T20:06:04 ICT" duration-ms="22" status="PASS">
          <params>
            <param index="0">
              <value>
                <![CDATA[Buy an item from the store]]>
              </value>
            </param>
          </params>
          <reporter-output>
          </reporter-output>
        </test-method> <!-- feature -->
        <test-method is-config="true" signature="tearDownClass()[pri:0, instance:runners.TestNGRunner@16a0ee18]" started-at="2022-12-18T20:06:04 ICT" name="tearDownClass" finished-at="2022-12-18T20:06:04 ICT" duration-ms="12" status="PASS">
          <reporter-output>
          </reporter-output>
        </test-method> <!-- tearDownClass -->
      </class> <!-- runners.TestNGRunner -->
    </test> <!-- Default test -->
  </suite> <!-- Default suite -->
</testng-results>
